<?xml version="1.0" encoding="UTF-8"?>
<coverage generated="1636651387913" clover="3.2.0">
  <project timestamp="1636651387913" name="All files">
    <metrics statements="43" coveredstatements="38" conditionals="13" coveredconditionals="11" methods="16" coveredmethods="15" elements="72" coveredelements="64" complexity="0" loc="43" ncloc="43" packages="1" files="1" classes="1"/>
    <file name="index.js" path="/Users/deb/Developer/spc-cantine/index.js">
      <metrics statements="43" coveredstatements="38" conditionals="13" coveredconditionals="11" methods="16" coveredmethods="15"/>
      <line num="2" count="1" type="cond" truecount="3" falsecount="0"/>
      <line num="3" count="2" type="cond" truecount="4" falsecount="0"/>
      <line num="5" count="1" type="stmt"/>
      <line num="6" count="1" type="stmt"/>
      <line num="7" count="1" type="stmt"/>
      <line num="8" count="1" type="stmt"/>
      <line num="11" count="0" type="stmt"/>
      <line num="12" count="0" type="stmt"/>
      <line num="15" count="1" type="stmt"/>
      <line num="17" count="1" type="stmt"/>
      <line num="18" count="1" type="stmt"/>
      <line num="19" count="1" type="stmt"/>
      <line num="22" count="1" type="stmt"/>
      <line num="25" count="1" type="stmt"/>
      <line num="26" count="1" type="stmt"/>
      <line num="27" count="3" type="stmt"/>
      <line num="29" count="1" type="stmt"/>
      <line num="30" count="1" type="stmt"/>
      <line num="33" count="10" type="stmt"/>
      <line num="34" count="5" type="stmt"/>
      <line num="35" count="10" type="stmt"/>
      <line num="36" count="5" type="stmt"/>
      <line num="37" count="30" type="stmt"/>
      <line num="39" count="30" type="stmt"/>
      <line num="40" count="30" type="stmt"/>
      <line num="41" count="30" type="cond" truecount="2" falsecount="0"/>
      <line num="42" count="30" type="cond" truecount="2" falsecount="0"/>
      <line num="43" count="30" type="stmt"/>
      <line num="45" count="5" type="stmt"/>
      <line num="50" count="3" type="stmt"/>
      <line num="53" count="2" type="stmt"/>
      <line num="54" count="5" type="stmt"/>
      <line num="59" count="1" type="stmt"/>
      <line num="66" count="1" type="stmt"/>
      <line num="67" count="1" type="stmt"/>
      <line num="68" count="1" type="stmt"/>
      <line num="69" count="1" type="stmt"/>
      <line num="70" count="1" type="stmt"/>
      <line num="73" count="0" type="cond" truecount="0" falsecount="2"/>
      <line num="74" count="0" type="stmt"/>
      <line num="75" count="0" type="stmt"/>
      <line num="78" count="1" type="stmt"/>
      <line num="79" count="1" type="stmt"/>
    </file>
  </project>
</coverage>
