<?xml version="1.0" encoding="UTF-8"?>
<coverage generated="1642428032385" clover="3.2.0">
  <project timestamp="1642428032385" name="All files">
    <metrics statements="45" coveredstatements="40" conditionals="13" coveredconditionals="11" methods="15" coveredmethods="14" elements="73" coveredelements="65" complexity="0" loc="45" ncloc="45" packages="1" files="1" classes="1"/>
    <file name="index.js" path="/Users/deb/Developer/spc-cantine/index.js">
      <metrics statements="45" coveredstatements="40" conditionals="13" coveredconditionals="11" methods="15" coveredmethods="14"/>
      <line num="2" count="1" type="cond" truecount="3" falsecount="0"/>
      <line num="3" count="2" type="cond" truecount="4" falsecount="0"/>
      <line num="5" count="1" type="stmt"/>
      <line num="6" count="1" type="stmt"/>
      <line num="7" count="1" type="stmt"/>
      <line num="8" count="1" type="stmt"/>
      <line num="11" count="0" type="stmt"/>
      <line num="12" count="0" type="stmt"/>
      <line num="15" count="1" type="stmt"/>
      <line num="17" count="2" type="stmt"/>
      <line num="18" count="2" type="stmt"/>
      <line num="19" count="2" type="stmt"/>
      <line num="22" count="2" type="stmt"/>
      <line num="25" count="2" type="stmt"/>
      <line num="26" count="2" type="stmt"/>
      <line num="27" count="6" type="stmt"/>
      <line num="29" count="2" type="stmt"/>
      <line num="30" count="2" type="stmt"/>
      <line num="33" count="20" type="stmt"/>
      <line num="34" count="10" type="stmt"/>
      <line num="35" count="20" type="stmt"/>
      <line num="36" count="10" type="stmt"/>
      <line num="37" count="60" type="stmt"/>
      <line num="39" count="60" type="stmt"/>
      <line num="40" count="60" type="stmt"/>
      <line num="41" count="60" type="cond" truecount="2" falsecount="0"/>
      <line num="42" count="60" type="cond" truecount="2" falsecount="0"/>
      <line num="43" count="60" type="stmt"/>
      <line num="45" count="10" type="stmt"/>
      <line num="50" count="2" type="stmt"/>
      <line num="52" count="4" type="stmt"/>
      <line num="53" count="2" type="stmt"/>
      <line num="57" count="2" type="stmt"/>
      <line num="64" count="2" type="stmt"/>
      <line num="65" count="2" type="stmt"/>
      <line num="66" count="2" type="stmt"/>
      <line num="67" count="2" type="stmt"/>
      <line num="68" count="2" type="stmt"/>
      <line num="71" count="0" type="cond" truecount="0" falsecount="2"/>
      <line num="72" count="0" type="stmt"/>
      <line num="73" count="0" type="stmt"/>
      <line num="76" count="1" type="stmt"/>
      <line num="77" count="1" type="stmt"/>
      <line num="78" count="1" type="stmt"/>
      <line num="80" count="1" type="stmt"/>
    </file>
  </project>
</coverage>
