{"/Users/deb/Developer/spc-cantine/index.js": {"path":"/Users/deb/Developer/spc-cantine/index.js","statementMap":{"0":{"start":{"line":2,"column":22},"end":{"line":4,"column":1}},"1":{"start":{"line":3,"column":4},"end":{"line":3,"column":62}},"2":{"start":{"line":5,"column":0},"end":{"line":5,"column":62}},"3":{"start":{"line":6,"column":0},"end":{"line":6,"column":46}},"4":{"start":{"line":7,"column":21},"end":{"line":7,"column":59}},"5":{"start":{"line":8,"column":17},"end":{"line":8,"column":51}},"6":{"start":{"line":11,"column":8},"end":{"line":11,"column":121}},"7":{"start":{"line":12,"column":8},"end":{"line":12,"column":35}},"8":{"start":{"line":15,"column":0},"end":{"line":15,"column":32}},"9":{"start":{"line":17,"column":16},"end":{"line":17,"column":100}},"10":{"start":{"line":18,"column":17},"end":{"line":18,"column":33}},"11":{"start":{"line":19,"column":4},"end":{"line":19,"column":16}},"12":{"start":{"line":22,"column":4},"end":{"line":22,"column":72}},"13":{"start":{"line":25,"column":17},"end":{"line":25,"column":34}},"14":{"start":{"line":26,"column":17},"end":{"line":26,"column":61}},"15":{"start":{"line":27,"column":21},"end":{"line":28,"column":22}},"16":{"start":{"line":27,"column":42},"end":{"line":27,"column":64}},"17":{"start":{"line":29,"column":18},"end":{"line":29,"column":48}},"18":{"start":{"line":30,"column":17},"end":{"line":49,"column":6}},"19":{"start":{"line":33,"column":21},"end":{"line":33,"column":89}},"20":{"start":{"line":33,"column":42},"end":{"line":33,"column":81}},"21":{"start":{"line":34,"column":21},"end":{"line":34,"column":88}},"22":{"start":{"line":34,"column":42},"end":{"line":34,"column":63}},"23":{"start":{"line":35,"column":29},"end":{"line":35,"column":166}},"24":{"start":{"line":35,"column":50},"end":{"line":35,"column":88}},"25":{"start":{"line":35,"column":106},"end":{"line":35,"column":161}},"26":{"start":{"line":36,"column":26},"end":{"line":44,"column":10}},"27":{"start":{"line":37,"column":28},"end":{"line":37,"column":60}},"28":{"start":{"line":39,"column":25},"end":{"line":39,"column":58}},"29":{"start":{"line":40,"column":31},"end":{"line":40,"column":57}},"30":{"start":{"line":41,"column":26},"end":{"line":41,"column":59}},"31":{"start":{"line":42,"column":26},"end":{"line":42,"column":73}},"32":{"start":{"line":43,"column":12},"end":{"line":43,"column":25}},"33":{"start":{"line":45,"column":8},"end":{"line":48,"column":10}},"34":{"start":{"line":50,"column":23},"end":{"line":52,"column":29}},"35":{"start":{"line":52,"column":20},"end":{"line":52,"column":28}},"36":{"start":{"line":53,"column":24},"end":{"line":56,"column":15}},"37":{"start":{"line":57,"column":4},"end":{"line":61,"column":6}},"38":{"start":{"line":64,"column":20},"end":{"line":64,"column":37}},"39":{"start":{"line":65,"column":19},"end":{"line":65,"column":40}},"40":{"start":{"line":66,"column":4},"end":{"line":74,"column":5}},"41":{"start":{"line":67,"column":26},"end":{"line":67,"column":45}},"42":{"start":{"line":68,"column":8},"end":{"line":68,"column":25}},"43":{"start":{"line":71,"column":8},"end":{"line":72,"column":38}},"44":{"start":{"line":72,"column":12},"end":{"line":72,"column":38}},"45":{"start":{"line":73,"column":8},"end":{"line":73,"column":18}},"46":{"start":{"line":76,"column":0},"end":{"line":76,"column":26}},"47":{"start":{"line":77,"column":0},"end":{"line":77,"column":26}}},"fnMap":{"0":{"name":"(anonymous_0)","decl":{"start":{"line":2,"column":56},"end":{"line":2,"column":57}},"loc":{"start":{"line":2,"column":71},"end":{"line":4,"column":1}},"line":2},"1":{"name":"(anonymous_1)","decl":{"start":{"line":10,"column":4},"end":{"line":10,"column":5}},"loc":{"start":{"line":10,"column":27},"end":{"line":13,"column":5}},"line":10},"2":{"name":"fetchMenu","decl":{"start":{"line":16,"column":15},"end":{"line":16,"column":24}},"loc":{"start":{"line":16,"column":27},"end":{"line":20,"column":1}},"line":16},"3":{"name":"toJson","decl":{"start":{"line":21,"column":9},"end":{"line":21,"column":15}},"loc":{"start":{"line":21,"column":22},"end":{"line":23,"column":1}},"line":21},"4":{"name":"processData","decl":{"start":{"line":24,"column":9},"end":{"line":24,"column":20}},"loc":{"start":{"line":24,"column":27},"end":{"line":62,"column":1}},"line":24},"5":{"name":"(anonymous_5)","decl":{"start":{"line":27,"column":35},"end":{"line":27,"column":36}},"loc":{"start":{"line":27,"column":42},"end":{"line":27,"column":64}},"line":27},"6":{"name":"(anonymous_6)","decl":{"start":{"line":32,"column":13},"end":{"line":32,"column":14}},"loc":{"start":{"line":32,"column":23},"end":{"line":49,"column":5}},"line":32},"7":{"name":"(anonymous_7)","decl":{"start":{"line":33,"column":35},"end":{"line":33,"column":36}},"loc":{"start":{"line":33,"column":42},"end":{"line":33,"column":81}},"line":33},"8":{"name":"(anonymous_8)","decl":{"start":{"line":34,"column":35},"end":{"line":34,"column":36}},"loc":{"start":{"line":34,"column":42},"end":{"line":34,"column":63}},"line":34},"9":{"name":"(anonymous_9)","decl":{"start":{"line":35,"column":43},"end":{"line":35,"column":44}},"loc":{"start":{"line":35,"column":50},"end":{"line":35,"column":88}},"line":35},"10":{"name":"(anonymous_10)","decl":{"start":{"line":35,"column":99},"end":{"line":35,"column":100}},"loc":{"start":{"line":35,"column":106},"end":{"line":35,"column":161}},"line":35},"11":{"name":"(anonymous_11)","decl":{"start":{"line":36,"column":43},"end":{"line":36,"column":44}},"loc":{"start":{"line":36,"column":53},"end":{"line":44,"column":9}},"line":36},"12":{"name":"(anonymous_12)","decl":{"start":{"line":52,"column":13},"end":{"line":52,"column":14}},"loc":{"start":{"line":52,"column":20},"end":{"line":52,"column":28}},"line":52},"13":{"name":"getMenu","decl":{"start":{"line":63,"column":15},"end":{"line":63,"column":22}},"loc":{"start":{"line":63,"column":25},"end":{"line":75,"column":1}},"line":63}},"branchMap":{"0":{"loc":{"start":{"line":2,"column":22},"end":{"line":4,"column":1}},"type":"binary-expr","locations":[{"start":{"line":2,"column":23},"end":{"line":2,"column":27}},{"start":{"line":2,"column":31},"end":{"line":2,"column":51}},{"start":{"line":2,"column":56},"end":{"line":4,"column":1}}],"line":2},"1":{"loc":{"start":{"line":3,"column":11},"end":{"line":3,"column":61}},"type":"cond-expr","locations":[{"start":{"line":3,"column":37},"end":{"line":3,"column":40}},{"start":{"line":3,"column":43},"end":{"line":3,"column":61}}],"line":3},"2":{"loc":{"start":{"line":3,"column":12},"end":{"line":3,"column":33}},"type":"binary-expr","locations":[{"start":{"line":3,"column":12},"end":{"line":3,"column":15}},{"start":{"line":3,"column":19},"end":{"line":3,"column":33}}],"line":3},"3":{"loc":{"start":{"line":41,"column":26},"end":{"line":41,"column":59}},"type":"cond-expr","locations":[{"start":{"line":41,"column":39},"end":{"line":41,"column":54}},{"start":{"line":41,"column":57},"end":{"line":41,"column":59}}],"line":41},"4":{"loc":{"start":{"line":42,"column":27},"end":{"line":42,"column":65}},"type":"cond-expr","locations":[{"start":{"line":42,"column":35},"end":{"line":42,"column":58}},{"start":{"line":42,"column":61},"end":{"line":42,"column":65}}],"line":42},"5":{"loc":{"start":{"line":71,"column":8},"end":{"line":72,"column":38}},"type":"if","locations":[{"start":{"line":71,"column":8},"end":{"line":72,"column":38}},{"start":{"line":71,"column":8},"end":{"line":72,"column":38}}],"line":71}},"s":{"0":1,"1":2,"2":1,"3":1,"4":1,"5":1,"6":0,"7":0,"8":1,"9":1,"10":1,"11":1,"12":1,"13":1,"14":1,"15":1,"16":3,"17":1,"18":1,"19":5,"20":10,"21":5,"22":5,"23":5,"24":10,"25":5,"26":5,"27":30,"28":30,"29":30,"30":30,"31":30,"32":30,"33":5,"34":1,"35":2,"36":1,"37":1,"38":1,"39":1,"40":1,"41":1,"42":1,"43":0,"44":0,"45":0,"46":1,"47":1},"f":{"0":2,"1":0,"2":1,"3":1,"4":1,"5":3,"6":5,"7":10,"8":5,"9":10,"10":5,"11":30,"12":2,"13":1},"b":{"0":[1,1,1],"1":[1,1],"2":[2,2],"3":[6,24],"4":[6,24],"5":[0,0]},"inputSourceMap":null,"_coverageSchema":"1a1c01bbd47fc00a2c39e90264f33305004495a9","hash":"a30a5a8b38338f8cf0151a0cee3d79638f197753"}
}
