TN:
SF:index.js
FN:2,(anonymous_0)
FN:10,(anonymous_1)
FN:16,fetchMenu
FN:21,toJson
FN:24,processData
FN:27,(anonymous_5)
FN:32,(anonymous_6)
FN:33,(anonymous_7)
FN:34,(anonymous_8)
FN:35,(anonymous_9)
FN:35,(anonymous_10)
FN:36,(anonymous_11)
FN:52,(anonymous_12)
FN:63,getMenu
FNF:14
FNH:13
FNDA:2,(anonymous_0)
FNDA:0,(anonymous_1)
FNDA:1,fetchMenu
FNDA:1,toJson
FNDA:1,processData
FNDA:3,(anonymous_5)
FNDA:5,(anonymous_6)
FNDA:10,(anonymous_7)
FNDA:5,(anonymous_8)
FNDA:10,(anonymous_9)
FNDA:5,(anonymous_10)
FNDA:30,(anonymous_11)
FNDA:2,(anonymous_12)
FNDA:1,getMenu
DA:2,1
DA:3,2
DA:5,1
DA:6,1
DA:7,1
DA:8,1
DA:11,0
DA:12,0
DA:15,1
DA:17,1
DA:18,1
DA:19,1
DA:22,1
DA:25,1
DA:26,1
DA:27,3
DA:29,1
DA:30,1
DA:33,10
DA:34,5
DA:35,10
DA:36,5
DA:37,30
DA:39,30
DA:40,30
DA:41,30
DA:42,30
DA:43,30
DA:45,5
DA:50,1
DA:52,2
DA:53,1
DA:57,1
DA:64,1
DA:65,1
DA:66,1
DA:67,1
DA:68,1
DA:71,0
DA:72,0
DA:73,0
DA:76,1
DA:77,1
LF:43
LH:38
BRDA:2,0,0,1
BRDA:2,0,1,1
BRDA:2,0,2,1
BRDA:3,1,0,1
BRDA:3,1,1,1
BRDA:3,2,0,2
BRDA:3,2,1,2
BRDA:41,3,0,6
BRDA:41,3,1,24
BRDA:42,4,0,6
BRDA:42,4,1,24
BRDA:71,5,0,0
BRDA:71,5,1,0
BRF:13
BRH:11
end_of_record
